<?xml version="1.0" encoding="UTF-8"?>
<!-- Generated by org.testng.reporters.JUnitReportReporter -->
<testsuite hostname="DESKTOP-0R7RGQQ" failures="0" tests="1" name="com.TestPackage.AdminAddTestCLass" time="0.000" errors="0" timestamp="2024-04-02T11:24:01 IST" skipped="1">
  <testcase classname="com.TestPackage.AdminAddTestCLass" name="AdminClickTest" time="0.000">
    <skipped/>
  </testcase> <!-- AdminClickTest -->
  <system-out/>
</testsuite> <!-- com.TestPackage.AdminAddTestCLass -->
