<?xml version="1.0" encoding="UTF-8"?>
<!-- Generated by org.testng.reporters.JUnitReportReporter -->
<testsuite hostname="DESKTOP-0R7RGQQ" failures="0" tests="1" name="com.TestPackage.LoginTestCase" time="5.157" errors="0" timestamp="2024-03-29T22:21:23 IST" skipped="0">
  <testcase classname="com.TestPackage.LoginTestCase" name="LoginPageLink" time="5.157"/>
  <system-out/>
</testsuite> <!-- com.TestPackage.LoginTestCase -->
