<?xml version="1.0" encoding="UTF-8"?>
<!-- Generated by org.testng.reporters.JUnitReportReporter -->
<testsuite hostname="DESKTOP-0R7RGQQ" failures="0" tests="1" name="com.TestPackage.AdmSysUserTestCase" time="15.560" errors="0" timestamp="2024-03-30T13:19:30 IST" skipped="0">
  <testcase classname="com.TestPackage.AdmSysUserTestCase" name="AdmSysUser" time="15.560"/>
  <system-out/>
</testsuite> <!-- com.TestPackage.AdmSysUserTestCase -->
